0 info it worked if it ends with ok
1 verbose cli [ '/usr/bin/node', '/usr/bin/npm', 'run', 'start' ]
2 info using npm@3.10.10
3 info using node@v6.16.0
4 verbose run-script [ 'prestart', 'start', 'poststart' ]
5 info lifecycle server@1.0.0~prestart: server@1.0.0
6 silly lifecycle server@1.0.0~prestart: no script for prestart, continuing
7 info lifecycle server@1.0.0~start: server@1.0.0
8 verbose lifecycle server@1.0.0~start: unsafe-perm in lifecycle true
9 verbose lifecycle server@1.0.0~start: PATH: /usr/lib/node_modules/npm/bin/node-gyp-bin:/home/avinash/Desktop/Ubuntu_Projects/MERN/Emaily/server/node_modules/.bin:/usr/bin:/usr/local/bin
10 verbose lifecycle server@1.0.0~start: CWD: /home/avinash/Desktop/Ubuntu_Projects/MERN/Emaily/server
11 silly lifecycle server@1.0.0~start: Args: [ '-c', 'node index.js' ]
12 info lifecycle server@1.0.0~start: Failed to exec start script
13 verbose stack Error: server@1.0.0 start: `node index.js`
13 verbose stack spawn sh ENOENT
13 verbose stack     at exports._errnoException (util.js:1020:11)
13 verbose stack     at Process.ChildProcess._handle.onexit (internal/child_process.js:197:32)
13 verbose stack     at onErrorNT (internal/child_process.js:376:16)
13 verbose stack     at _combinedTickCallback (internal/process/next_tick.js:80:11)
13 verbose stack     at process._tickCallback (internal/process/next_tick.js:104:9)
14 verbose pkgid server@1.0.0
15 verbose cwd /home/avinash/Desktop/Ubuntu_Projects/MERN/Emaily/server
16 error Linux 4.15.0-45-generic
17 error argv "/usr/bin/node" "/usr/bin/npm" "run" "start"
18 error node v6.16.0
19 error npm  v3.10.10
20 error file sh
21 error path sh
22 error code ELIFECYCLE
23 error errno ENOENT
24 error syscall spawn sh
25 error server@1.0.0 start: `node index.js`
25 error spawn sh ENOENT
26 error Failed at the server@1.0.0 start script 'node index.js'.
26 error Make sure you have the latest version of node.js and npm installed.
26 error If you do, this is most likely a problem with the server package,
26 error not with npm itself.
26 error Tell the author that this fails on your system:
26 error     node index.js
26 error You can get information on how to open an issue for this project with:
26 error     npm bugs server
26 error Or if that isn't available, you can get their info via:
26 error     npm owner ls server
26 error There is likely additional logging output above.
27 verbose exit [ 1, true ]
